delivery_v1/app/build/intermediates/manifest_merge_blame_file/debug/manifest-merger-blame-debug-report.txt
1<?xml version="1.0" encoding="utf-8"?>
2<manifest xmlns:android="http://schemas.android.com/apk/res/android"
3    package="kr.co.delivery_v1"
4    android:targetSandboxVersion="1"
5    android:versionCode="1"
6    android:versionName="1.0" >
7
8    <uses-sdk
9        android:minSdkVersion="25"
9-->src\main\AndroidManifest.xml
10        android:targetSdkVersion="31" />
10-->src\main\AndroidManifest.xml
11
12    <uses-permission android:name="android.permission.INTERNET" />
12-->src\main\AndroidManifest.xml:6:5-67
12-->src\main\AndroidManifest.xml:6:22-64
13    <uses-permission android:name="android.permission.READ_PHONE_STATE" /> <!-- android:maxSdkVersion="29" /> -->
13-->src\main\AndroidManifest.xml:7:5-75
13-->src\main\AndroidManifest.xml:7:22-72
14    <uses-permission android:name="android.permission.READ_PHONE_NUMBERS" />
14-->src\main\AndroidManifest.xml:8:5-77
14-->src\main\AndroidManifest.xml:8:22-74
15    <uses-permission android:name="android.permission.READ_SMS" />
15-->src\main\AndroidManifest.xml:9:5-67
15-->src\main\AndroidManifest.xml:9:22-64
16    <uses-permission android:name="android.permission.ACCESS_COARSE_LOCATION" />
16-->src\main\AndroidManifest.xml:10:5-81
16-->src\main\AndroidManifest.xml:10:22-78
17    <uses-permission android:name="android.permission.ACCESS_FINE_LOCATION" />
17-->src\main\AndroidManifest.xml:11:5-79
17-->src\main\AndroidManifest.xml:11:22-76
18    <uses-permission android:name="android.permission.READ_CONTACTS" />
18-->src\main\AndroidManifest.xml:12:5-72
18-->src\main\AndroidManifest.xml:12:22-69
19    <uses-permission android:name="android.permission.CAMERA" />
19-->src\main\AndroidManifest.xml:13:5-65
19-->src\main\AndroidManifest.xml:13:22-62
20    <uses-permission android:name="android.permission.CAMERA2" />
20-->src\main\AndroidManifest.xml:14:5-66
20-->src\main\AndroidManifest.xml:14:22-63
21    <uses-permission android:name="android.permission.WRITE_EXTERNAL_STORAGE" />
21-->src\main\AndroidManifest.xml:15:5-81
21-->src\main\AndroidManifest.xml:15:22-78
22    <uses-permission android:name="android.permission.READ_EXTERNAL_STORAGE" />
22-->src\main\AndroidManifest.xml:16:5-80
22-->src\main\AndroidManifest.xml:16:22-77
23
24    <!-- Include required permissions for Google Maps API to run. -->
25    <uses-permission android:name="android.permission.ACCESS_NETWORK_STATE" />
25-->[com.google.android.gms:play-services-maps:18.0.2] AndroidManifest.xml:23:5-79
25-->[com.google.android.gms:play-services-maps:18.0.2] AndroidManifest.xml:23:22-76
26
27    <uses-feature
27-->[com.google.android.gms:play-services-maps:18.0.2] AndroidManifest.xml:26:5-28:35
28        android:glEsVersion="0x00020000"
28-->[com.google.android.gms:play-services-maps:18.0.2] AndroidManifest.xml:27:9-41
29        android:required="true" />
29-->[com.google.android.gms:play-services-maps:18.0.2] AndroidManifest.xml:28:9-32
30
31    <queries>
31-->[com.google.android.gms:play-services-maps:18.0.2] AndroidManifest.xml:30:5-34:15
32
33        <!-- Needs to be explicitly declared on Android R+ -->
34        <package android:name="com.google.android.apps.maps" />
34-->[com.google.android.gms:play-services-maps:18.0.2] AndroidManifest.xml:33:9-64
34-->[com.google.android.gms:play-services-maps:18.0.2] AndroidManifest.xml:33:18-61
35    </queries>
36
37    <application
37-->src\main\AndroidManifest.xml:18:5-82:19
38        android:allowBackup="true"
38-->src\main\AndroidManifest.xml:19:9-35
39        android:appComponentFactory="androidx.core.app.CoreComponentFactory"
39-->[androidx.core:core:1.7.0] AndroidManifest.xml:24:18-86
40        android:debuggable="true"
41        android:extractNativeLibs="false"
42        android:icon="@mipmap/ic_launcher"
42-->src\main\AndroidManifest.xml:20:9-43
43        android:label="@string/app_name"
43-->src\main\AndroidManifest.xml:21:9-41
44        android:networkSecurityConfig="@xml/network_security_config"
44-->src\main\AndroidManifest.xml:22:9-69
45        android:roundIcon="@mipmap/ic_launcher_round"
45-->src\main\AndroidManifest.xml:23:9-54
46        android:supportsRtl="true"
46-->src\main\AndroidManifest.xml:24:9-35
47        android:testOnly="true"
48        android:theme="@style/Theme.Delivery_v1"
48-->src\main\AndroidManifest.xml:25:9-49
49        android:usesCleartextTraffic="true" >
49-->src\main\AndroidManifest.xml:26:9-44
50        <activity
50-->src\main\AndroidManifest.xml:27:9-35:20
51            android:name="kr.co.delivery_v1.EnterAppActivity"
51-->src\main\AndroidManifest.xml:28:13-45
52            android:exported="true" >
52-->src\main\AndroidManifest.xml:29:13-36
53            <intent-filter>
53-->src\main\AndroidManifest.xml:30:13-34:29
54                <action android:name="android.intent.action.MAIN" />
54-->src\main\AndroidManifest.xml:31:17-69
54-->src\main\AndroidManifest.xml:31:25-66
55
56                <category android:name="android.intent.category.LAUNCHER" />
56-->src\main\AndroidManifest.xml:33:17-77
56-->src\main\AndroidManifest.xml:33:27-74
57            </intent-filter>
58        </activity>
59
60        <provider
60-->src\main\AndroidManifest.xml:37:9-45:20
61            android:name="androidx.core.content.FileProvider"
61-->src\main\AndroidManifest.xml:38:13-62
62            android:authorities="kr.co.delivery_v1"
62-->src\main\AndroidManifest.xml:39:13-52
63            android:exported="false"
63-->src\main\AndroidManifest.xml:40:13-37
64            android:grantUriPermissions="true" >
64-->src\main\AndroidManifest.xml:41:13-47
65            <meta-data
65-->src\main\AndroidManifest.xml:42:13-44:54
66                android:name="android.support.FILE_PROVIDER_PATHS"
66-->src\main\AndroidManifest.xml:43:17-67
67                android:resource="@xml/file_paths" />
67-->src\main\AndroidManifest.xml:44:17-51
68        </provider>
69
70        <activity
70-->src\main\AndroidManifest.xml:47:9-49:40
71            android:name="kr.co.delivery_v1.PhotoActivity"
71-->src\main\AndroidManifest.xml:48:13-42
72            android:exported="false" />
72-->src\main\AndroidManifest.xml:49:13-37
73
74        <meta-data
74-->src\main\AndroidManifest.xml:51:9-53:53
75            android:name="com.kakao.sdk.AppKey"
75-->src\main\AndroidManifest.xml:52:13-48
76            android:value="@string/kakao_app_key" /> <!-- 배달 자료를 받아올 엑티비티 return -->
76-->src\main\AndroidManifest.xml:53:13-50
77        <activity
77-->src\main\AndroidManifest.xml:54:9-58:52
78            android:name="kr.co.delivery_v1.DeliveryDetailsActivity"
78-->src\main\AndroidManifest.xml:55:13-52
79            android:exported="false"
79-->src\main\AndroidManifest.xml:56:13-37
80            android:parentActivityName="kr.co.delivery_v1.MainActivity"
80-->src\main\AndroidManifest.xml:57:13-55
81            android:screenOrientation="portrait" /> <!-- 배달 자료를 받아올 엑티비티 return -->
81-->src\main\AndroidManifest.xml:58:13-49
82        <activity
82-->src\main\AndroidManifest.xml:59:9-63:52
83            android:name="kr.co.delivery_v1.DeliveryRequestActivity"
83-->src\main\AndroidManifest.xml:60:13-52
84            android:exported="false"
84-->src\main\AndroidManifest.xml:61:13-37
85            android:parentActivityName="kr.co.delivery_v1.MainActivity"
85-->src\main\AndroidManifest.xml:62:13-55
86            android:screenOrientation="portrait" />
86-->src\main\AndroidManifest.xml:63:13-49
87        <activity
87-->src\main\AndroidManifest.xml:64:9-67:52
88            android:name="kr.co.delivery_v1.RegisterActivity"
88-->src\main\AndroidManifest.xml:65:13-45
89            android:exported="false"
89-->src\main\AndroidManifest.xml:66:13-37
90            android:screenOrientation="portrait" />
90-->src\main\AndroidManifest.xml:67:13-49
91        <activity
91-->src\main\AndroidManifest.xml:68:9-71:52
92            android:name="kr.co.delivery_v1.AppStartActivity"
92-->src\main\AndroidManifest.xml:69:13-45
93            android:exported="false"
93-->src\main\AndroidManifest.xml:70:13-37
94            android:screenOrientation="portrait" />
94-->src\main\AndroidManifest.xml:71:13-49
95        <activity
95-->src\main\AndroidManifest.xml:72:9-75:52
96            android:name="kr.co.delivery_v1.login.LoginActivity"
96-->src\main\AndroidManifest.xml:73:13-48
97            android:exported="true"
97-->src\main\AndroidManifest.xml:74:13-36
98            android:screenOrientation="portrait" />
98-->src\main\AndroidManifest.xml:75:13-49
99        <activity
99-->src\main\AndroidManifest.xml:76:9-81:20
100            android:name="kr.co.delivery_v1.MainActivity"
100-->src\main\AndroidManifest.xml:77:13-41
101            android:exported="false"
101-->src\main\AndroidManifest.xml:78:13-37
102            android:screenOrientation="portrait" >
102-->src\main\AndroidManifest.xml:79:13-49
103        </activity>
104        <!-- Needs to be explicitly declared on P+ -->
105        <uses-library
105-->[com.google.android.gms:play-services-maps:18.0.2] AndroidManifest.xml:39:9-41:40
106            android:name="org.apache.http.legacy"
106-->[com.google.android.gms:play-services-maps:18.0.2] AndroidManifest.xml:40:13-50
107            android:required="false" />
107-->[com.google.android.gms:play-services-maps:18.0.2] AndroidManifest.xml:41:13-37
108
109        <service
109-->[androidx.room:room-runtime:2.4.2] AndroidManifest.xml:25:9-28:40
110            android:name="androidx.room.MultiInstanceInvalidationService"
110-->[androidx.room:room-runtime:2.4.2] AndroidManifest.xml:26:13-74
111            android:directBootAware="true"
111-->[androidx.room:room-runtime:2.4.2] AndroidManifest.xml:27:13-43
112            android:exported="false" />
112-->[androidx.room:room-runtime:2.4.2] AndroidManifest.xml:28:13-37
113
114        <activity
114-->[com.google.android.gms:play-services-base:18.0.1] AndroidManifest.xml:20:9-22:45
115            android:name="com.google.android.gms.common.api.GoogleApiActivity"
115-->[com.google.android.gms:play-services-base:18.0.1] AndroidManifest.xml:20:19-85
116            android:exported="false"
116-->[com.google.android.gms:play-services-base:18.0.1] AndroidManifest.xml:22:19-43
117            android:theme="@android:style/Theme.Translucent.NoTitleBar" />
117-->[com.google.android.gms:play-services-base:18.0.1] AndroidManifest.xml:21:19-78
118
119        <meta-data
119-->[com.google.android.gms:play-services-basement:18.0.0] AndroidManifest.xml:21:9-23:69
120            android:name="com.google.android.gms.version"
120-->[com.google.android.gms:play-services-basement:18.0.0] AndroidManifest.xml:22:13-58
121            android:value="@integer/google_play_services_version" />
121-->[com.google.android.gms:play-services-basement:18.0.0] AndroidManifest.xml:23:13-66
122
123        <provider
123-->[androidx.emoji2:emoji2:1.0.0] AndroidManifest.xml:26:9-34:20
124            android:name="androidx.startup.InitializationProvider"
124-->[androidx.emoji2:emoji2:1.0.0] AndroidManifest.xml:27:13-67
125            android:authorities="kr.co.delivery_v1.androidx-startup"
125-->[androidx.emoji2:emoji2:1.0.0] AndroidManifest.xml:28:13-68
126            android:exported="false" >
126-->[androidx.emoji2:emoji2:1.0.0] AndroidManifest.xml:29:13-37
127            <meta-data
127-->[androidx.emoji2:emoji2:1.0.0] AndroidManifest.xml:31:13-33:52
128                android:name="androidx.emoji2.text.EmojiCompatInitializer"
128-->[androidx.emoji2:emoji2:1.0.0] AndroidManifest.xml:32:17-75
129                android:value="androidx.startup" />
129-->[androidx.emoji2:emoji2:1.0.0] AndroidManifest.xml:33:17-49
130            <meta-data
130-->[androidx.lifecycle:lifecycle-process:2.4.0] AndroidManifest.xml:31:13-33:52
131                android:name="androidx.lifecycle.ProcessLifecycleInitializer"
131-->[androidx.lifecycle:lifecycle-process:2.4.0] AndroidManifest.xml:32:17-78
132                android:value="androidx.startup" />
132-->[androidx.lifecycle:lifecycle-process:2.4.0] AndroidManifest.xml:33:17-49
133        </provider>
134    </application>
135
136</manifest>